<?xml version="1.0" encoding="UTF-8"?>
<!-- Generated by org.testng.reporters.JUnitXMLReporter -->
<testsuite ignored="0" hostname="Hp-15s-FR2006TU" failures="0" tests="5" name="Default test" time="46.113" errors="0" timestamp="2023-06-22T20:48:11 IST">
  <testcase classname="test.orangeweb.loginPage" name="initElements" time="23.938"/>
  <testcase classname="test.orangeweb.loginPage" name="loginTest" time="8.593"/>
  <testcase classname="test.orangeweb.loginPage" name="loginTest" time="3.358"/>
  <testcase classname="test.orangeweb.loginPage" name="loginTest" time="3.532"/>
  <testcase classname="test.orangeweb.loginPage" name="loginTest" time="3.366"/>
</testsuite> <!-- Default test -->
