<?xml version="1.0" encoding="UTF-8"?>
<!-- Generated by org.testng.reporters.JUnitXMLReporter -->
<testsuite ignored="0" hostname="Hp-15s-FR2006TU" failures="0" tests="6" name="Test" time="106.587" errors="0" timestamp="2023-06-22T22:18:09 IST">
  <testcase classname="test.orangeweb.loginPage" name="initElements" time="40.336"/>
  <testcase classname="test.orangeweb.loginPage" name="loginTest" time="5.933"/>
  <testcase classname="test.orangeweb.loginPage" name="loginTest" time="3.451"/>
  <testcase classname="test.orangeweb.loginPage" name="loginTest" time="3.447"/>
  <testcase classname="test.orangeweb.loginPage" name="loginTest" time="3.454"/>
  <testcase classname="test.orangeweb.homePage" name="profilecheck" time="43.533"/>
</testsuite> <!-- Test -->
